-- The CXX compiler identification is GNU 11.4.0
-- Detecting CXX compiler ABI info
-- Detecting CXX compiler ABI info - done
-- Check for working CXX compiler: /usr/bin/c++ - skipped
-- Detecting CXX compile features
-- Detecting CXX compile features - done
-- Found ament_cmake: 1.3.10 (/opt/ros/humble/share/ament_cmake/cmake)
-- Found Python3: /usr/bin/python3 (found version "3.10.12") found components: Interpreter 
-- Override CMake install command with custom implementation using symlinks instead of copying resources
-- Found ament_index_cpp: 1.4.0 (/opt/ros/humble/share/ament_index_cpp/cmake)
-- Found controller_interface: 4.18.0 (/home/prashun/ros2_ws/install/controller_interface/share/controller_interface/cmake)
-- Found rosidl_generator_c: 3.1.5 (/opt/ros/humble/share/rosidl_generator_c/cmake)
-- Found rosidl_adapter: 3.1.5 (/opt/ros/humble/share/rosidl_adapter/cmake)
-- Found rosidl_generator_cpp: 3.1.5 (/opt/ros/humble/share/rosidl_generator_cpp/cmake)
-- Using all available rosidl_typesupport_c: rosidl_typesupport_fastrtps_c;rosidl_typesupport_introspection_c
-- Using all available rosidl_typesupport_cpp: rosidl_typesupport_fastrtps_cpp;rosidl_typesupport_introspection_cpp
-- Found rmw_implementation_cmake: 6.1.2 (/opt/ros/humble/share/rmw_implementation_cmake/cmake)
-- Found rmw_fastrtps_cpp: 6.2.7 (/opt/ros/humble/share/rmw_fastrtps_cpp/cmake)
-- Found TinyXML2 via Config file: TinyXML2_DIR-NOTFOUND
-- Found OpenSSL: /usr/lib/x86_64-linux-gnu/libcrypto.so (found version "3.0.2")  
-- Found TinyXML2 via Config file: TinyXML2_DIR-NOTFOUND
-- Found FastRTPS: /opt/ros/humble/include  
-- Found TinyXML2 via Config file: TinyXML2_DIR-NOTFOUND
-- Found TinyXML2 via Config file: TinyXML2_DIR-NOTFOUND
-- Using RMW implementation 'rmw_fastrtps_cpp' as default
-- Looking for C++ include pthread.h
-- Looking for C++ include pthread.h - found
-- Performing Test CMAKE_HAVE_LIBC_PTHREAD
-- Performing Test CMAKE_HAVE_LIBC_PTHREAD - Success
-- Found Threads: TRUE  
-- Found controller_manager_msgs: 4.18.0 (/home/prashun/ros2_ws/install/controller_manager_msgs/share/controller_manager_msgs/cmake)
-- Found diagnostic_updater: 4.0.0 (/opt/ros/humble/share/diagnostic_updater/cmake)
-- Found ament_cmake_gmock: 1.3.10 (/opt/ros/humble/share/ament_cmake_gmock/cmake)
-- Found ros2_control_test_assets: 4.18.0 (/home/prashun/ros2_ws/install/ros2_control_test_assets/share/ros2_control_test_assets/cmake)
-- Found gmock sources under '/opt/ros/humble/src/gmock_vendor': C++ tests using 'Google Mock' will be built
-- The C compiler identification is GNU 11.4.0
-- Detecting C compiler ABI info
-- Detecting C compiler ABI info - done
-- Check for working C compiler: /usr/bin/cc - skipped
-- Detecting C compile features
-- Detecting C compile features - done
-- Found ament_cmake_gtest: 1.3.10 (/opt/ros/humble/share/ament_cmake_gtest/cmake)
-- Found gtest sources under '/opt/ros/humble/src/gtest_vendor': C++ tests using 'Google Test' will be built
-- Found ament_cmake_pytest: 1.3.10 (/opt/ros/humble/share/ament_cmake_pytest/cmake)
-- Configuring done
-- Generating done
-- Build files have been written to: /home/prashun/ros2_ws/build/controller_manager
[  2%] [34m[1mGenerating controller_manager/version.h[0m
[  2%] Built target ament_generate_version_header__controller_manager
[  2%] Built target ament_cmake_python_symlink_controller_manager
[  5%] [32mBuilding CXX object CMakeFiles/controller_manager.dir/src/controller_manager.cpp.o[0m
[  7%] [32m[1mLinking CXX shared library libcontroller_manager.so[0m
[  7%] Built target controller_manager
[ 13%] [32mBuilding CXX object CMakeFiles/test_controller_failed_init.dir/test/test_controller_failed_init/test_controller_failed_init.cpp.o[0m
[ 13%] [32mBuilding CXX object CMakeFiles/test_controller.dir/test/test_controller/test_controller.cpp.o[0m
[ 15%] [32mBuilding CXX object CMakeFiles/ros2_control_node.dir/src/ros2_control_node.cpp.o[0m
[ 18%] [32mBuilding CXX object gmock/CMakeFiles/gmock.dir/opt/ros/humble/src/gtest_vendor/src/gtest-all.cc.o[0m
[ 21%] [32mBuilding CXX object CMakeFiles/test_controller_with_interfaces.dir/test/test_controller_with_interfaces/test_controller_with_interfaces.cpp.o[0m
[ 23%] [32mBuilding CXX object CMakeFiles/test_chainable_controller.dir/test/test_chainable_controller/test_chainable_controller.cpp.o[0m
[ 26%] [32mBuilding CXX object gmock/CMakeFiles/gmock_main.dir/src/gmock_main.cc.o[0m
[ 26%] Built target ament_cmake_python_symlink_controller_manager_setup
[ 28%] [32mBuilding CXX object gmock/CMakeFiles/gmock.dir/src/gmock-all.cc.o[0m
[ 31%] [32m[1mLinking CXX static library libgmock_main.a[0m
[ 31%] Built target gmock_main
running egg_info
creating controller_manager.egg-info
writing controller_manager.egg-info/PKG-INFO
writing dependency_links to controller_manager.egg-info/dependency_links.txt
writing entry points to controller_manager.egg-info/entry_points.txt
writing top-level names to controller_manager.egg-info/top_level.txt
writing manifest file 'controller_manager.egg-info/SOURCES.txt'
reading manifest file 'controller_manager.egg-info/SOURCES.txt'
writing manifest file 'controller_manager.egg-info/SOURCES.txt'
[ 31%] Built target ament_cmake_python_build_controller_manager_egg
[ 34%] [32m[1mLinking CXX shared library libtest_controller_failed_init.so[0m
running install_scripts
/usr/lib/python3/dist-packages/setuptools/command/install.py:34: SetuptoolsDeprecationWarning: setup.py install is deprecated. Use build and pip and other standards-based tools.
  warnings.warn(
running egg_info
writing controller_manager.egg-info/PKG-INFO
writing dependency_links to controller_manager.egg-info/dependency_links.txt
writing entry points to controller_manager.egg-info/entry_points.txt
writing top-level names to controller_manager.egg-info/top_level.txt
reading manifest file 'controller_manager.egg-info/SOURCES.txt'
writing manifest file 'controller_manager.egg-info/SOURCES.txt'
Installing hardware_spawner script to scripts
Installing spawner script to scripts
Installing unspawner script to scripts
[ 34%] Built target ament_cmake_python_build_controller_manager_scripts
[ 34%] Built target test_controller_failed_init
[ 36%] [32m[1mLinking CXX shared library libtest_controller_with_interfaces.so[0m
[ 36%] Built target test_controller_with_interfaces
[ 39%] [32m[1mLinking CXX shared library libtest_controller.so[0m
[ 39%] Built target test_controller
[ 42%] [32m[1mLinking CXX static library libgmock.a[0m
[ 42%] Built target gmock
[ 47%] [32mBuilding CXX object CMakeFiles/test_controller_manager_urdf_passing.dir/test/test_controller_manager_urdf_passing.cpp.o[0m
[ 47%] [32mBuilding CXX object CMakeFiles/test_controller_manager_with_namespace.dir/test/test_controller_manager_with_namespace.cpp.o[0m
[ 50%] [32mBuilding CXX object CMakeFiles/test_controller_manager_hardware_error_handling.dir/test/test_controller_manager_hardware_error_handling.cpp.o[0m
[ 52%] [32mBuilding CXX object CMakeFiles/test_load_controller.dir/test/test_load_controller.cpp.o[0m
[ 55%] [32mBuilding CXX object CMakeFiles/test_release_interfaces.dir/test/test_release_interfaces.cpp.o[0m
[ 57%] [32mBuilding CXX object CMakeFiles/test_controller_manager.dir/test/test_controller_manager.cpp.o[0m
[ 60%] [32m[1mLinking CXX executable ros2_control_node[0m
[ 60%] Built target ros2_control_node
[ 63%] [32mBuilding CXX object CMakeFiles/test_spawner_unspawner.dir/test/test_spawner_unspawner.cpp.o[0m
[ 65%] [32m[1mLinking CXX shared library libtest_chainable_controller.so[0m
[ 65%] Built target test_chainable_controller
[ 68%] [32mBuilding CXX object CMakeFiles/test_hardware_management_srvs.dir/test/test_hardware_management_srvs.cpp.o[0m
[01m[K/home/prashun/ros2_ws/src/ros2_control/controller_manager/test/test_controller_manager_urdf_passing.cpp:[m[K In member function â€˜[01m[Kvirtual void TestControllerManagerWithTestableCM_expect_to_failure_when_invalid_urdf_is_given_and_be_able_to_submit_new_robot_description_Test::TestBody()[m[Kâ€™:
[01m[K/home/prashun/ros2_ws/src/ros2_control/controller_manager/test/test_controller_manager_urdf_passing.cpp:136:40:[m[K [01;31m[Kerror: [m[Kâ€˜[01m[Kminimal_uninitializable_robot_urdf[m[Kâ€™ is not a member of â€˜[01m[Kros2_control_test_assets[m[Kâ€™; did you mean â€˜[01m[Kminimal_unitilizable_robot_urdf[m[Kâ€™?
  136 |   msg.data = ros2_control_test_assets::[01;31m[Kminimal_uninitializable_robot_urdf[m[K;
      |                                        [01;31m[K^~~~~~~~~~~~~~~~~~~~~~~~~~~~~~~~~~[m[K
      |                                        [32m[Kminimal_unitilizable_robot_urdf[m[K
[ 71%] [32m[1mLinking CXX executable test_controller_manager_with_namespace[0m
[ 73%] [32m[1mLinking CXX executable test_release_interfaces[0m
gmake[2]: *** [CMakeFiles/test_controller_manager_urdf_passing.dir/build.make:76: CMakeFiles/test_controller_manager_urdf_passing.dir/test/test_controller_manager_urdf_passing.cpp.o] Error 1
gmake[1]: *** [CMakeFiles/Makefile2:522: CMakeFiles/test_controller_manager_urdf_passing.dir/all] Error 2
gmake[1]: *** Waiting for unfinished jobs....
[ 73%] Built target test_controller_manager_with_namespace
[ 73%] Built target test_release_interfaces
[ 76%] [32m[1mLinking CXX executable test_controller_manager_hardware_error_handling[0m
[ 78%] [32m[1mLinking CXX executable test_controller_manager[0m
[ 78%] Built target test_controller_manager_hardware_error_handling
[01m[K/home/prashun/ros2_ws/src/ros2_control/controller_manager/test/test_hardware_management_srvs.cpp:41:33:[m[K [01;31m[Kerror: [m[Kâ€˜[01m[KTEST_ACTUATOR_HARDWARE_PLUGIN_NAME[m[Kâ€™ has not been declared in â€˜[01m[Kros2_control_test_assets[m[Kâ€™
   41 | using ros2_control_test_assets::[01;31m[KTEST_ACTUATOR_HARDWARE_PLUGIN_NAME[m[K;
      |                                 [01;31m[K^~~~~~~~~~~~~~~~~~~~~~~~~~~~~~~~~~[m[K
[01m[K/home/prashun/ros2_ws/src/ros2_control/controller_manager/test/test_hardware_management_srvs.cpp:46:33:[m[K [01;31m[Kerror: [m[Kâ€˜[01m[KTEST_SENSOR_HARDWARE_PLUGIN_NAME[m[Kâ€™ has not been declared in â€˜[01m[Kros2_control_test_assets[m[Kâ€™
   46 | using ros2_control_test_assets::[01;31m[KTEST_SENSOR_HARDWARE_PLUGIN_NAME[m[K;
      |                                 [01;31m[K^~~~~~~~~~~~~~~~~~~~~~~~~~~~~~~~[m[K
[01m[K/home/prashun/ros2_ws/src/ros2_control/controller_manager/test/test_hardware_management_srvs.cpp:51:33:[m[K [01;31m[Kerror: [m[Kâ€˜[01m[KTEST_SYSTEM_HARDWARE_PLUGIN_NAME[m[Kâ€™ has not been declared in â€˜[01m[Kros2_control_test_assets[m[Kâ€™
   51 | using ros2_control_test_assets::[01;31m[KTEST_SYSTEM_HARDWARE_PLUGIN_NAME[m[K;
      |                                 [01;31m[K^~~~~~~~~~~~~~~~~~~~~~~~~~~~~~~~[m[K
[01m[K/home/prashun/ros2_ws/src/ros2_control/controller_manager/test/test_hardware_management_srvs.cpp:[m[K In member function â€˜[01m[Kvoid TestControllerManagerHWManagementSrvs::list_hardware_components_and_check(const std::vector<unsigned char, std::allocator<unsigned char> >&, const std::vector<std::__cxx11::basic_string<char> >&, const std::vector<std::vector<std::vector<bool, std::allocator<bool> > > >&, const std::vector<std::vector<std::vector<bool, std::allocator<bool> > > >&)[m[Kâ€™:
[01m[K/home/prashun/ros2_ws/src/ros2_control/controller_manager/test/test_hardware_management_srvs.cpp:138:11:[m[K [01;31m[Kerror: [m[Kâ€˜[01m[KTEST_ACTUATOR_HARDWARE_PLUGIN_NAME[m[Kâ€™ was not declared in this scope; did you mean â€˜[01m[KTEST_ACTUATOR_HARDWARE_NAME[m[Kâ€™?
  138 |           [01;31m[KTEST_ACTUATOR_HARDWARE_PLUGIN_NAME[m[K, hw_state_ids[0], hw_state_labels[0]);
      |           [01;31m[K^~~~~~~~~~~~~~~~~~~~~~~~~~~~~~~~~~[m[K
      |           [32m[KTEST_ACTUATOR_HARDWARE_NAME[m[K
[01m[K/home/prashun/ros2_ws/src/ros2_control/controller_manager/test/test_hardware_management_srvs.cpp:150:11:[m[K [01;31m[Kerror: [m[Kâ€˜[01m[KTEST_SENSOR_HARDWARE_PLUGIN_NAME[m[Kâ€™ was not declared in this scope; did you mean â€˜[01m[KTEST_SENSOR_HARDWARE_NAME[m[Kâ€™?
  150 |           [01;31m[KTEST_SENSOR_HARDWARE_PLUGIN_NAME[m[K, hw_state_ids[1], hw_state_labels[1]);
      |           [01;31m[K^~~~~~~~~~~~~~~~~~~~~~~~~~~~~~~~[m[K
      |           [32m[KTEST_SENSOR_HARDWARE_NAME[m[K
[01m[K/home/prashun/ros2_ws/src/ros2_control/controller_manager/test/test_hardware_management_srvs.cpp:162:11:[m[K [01;31m[Kerror: [m[Kâ€˜[01m[KTEST_SYSTEM_HARDWARE_PLUGIN_NAME[m[Kâ€™ was not declared in this scope; did you mean â€˜[01m[KTEST_SYSTEM_HARDWARE_NAME[m[Kâ€™?
  162 |           [01;31m[KTEST_SYSTEM_HARDWARE_PLUGIN_NAME[m[K, hw_state_ids[2], hw_state_labels[2]);
      |           [01;31m[K^~~~~~~~~~~~~~~~~~~~~~~~~~~~~~~~[m[K
      |           [32m[KTEST_SYSTEM_HARDWARE_NAME[m[K
[ 78%] Built target test_controller_manager
[ 81%] [32m[1mLinking CXX executable test_load_controller[0m
[ 81%] Built target test_load_controller
gmake[2]: *** [CMakeFiles/test_hardware_management_srvs.dir/build.make:76: CMakeFiles/test_hardware_management_srvs.dir/test/test_hardware_management_srvs.cpp.o] Error 1
gmake[1]: *** [CMakeFiles/Makefile2:635: CMakeFiles/test_hardware_management_srvs.dir/all] Error 2
[ 84%] [32m[1mLinking CXX executable test_spawner_unspawner[0m
[ 84%] Built target test_spawner_unspawner
gmake: *** [Makefile:146: all] Error 2
