[0.022s] Invoking command in '/home/prashun/ros2_ws/build/controller_manager': AMENT_PREFIX_PATH=/home/prashun/ros2_ws/install/hardware_interface_testing:/home/prashun/ros2_ws/install/controller_interface:/home/prashun/ros2_ws/install/hardware_interface:/home/prashun/ros2_ws/install/ros2_control_test_assets:/home/prashun/ros2_ws/install/joint_limits:/home/prashun/ros2_ws/install/controller_manager_msgs:${AMENT_PREFIX_PATH} CMAKE_PREFIX_PATH=/home/prashun/ros2_ws/install/hardware_interface_testing:/home/prashun/ros2_ws/install/controller_interface:/home/prashun/ros2_ws/install/hardware_interface:/home/prashun/ros2_ws/install/ros2_control_test_assets:/home/prashun/ros2_ws/install/joint_limits:/home/prashun/ros2_ws/install/controller_manager_msgs:/home/prashun/ros2_ws/install/uno:/opt/ros/humble LD_LIBRARY_PATH=/home/prashun/ros2_ws/install/hardware_interface_testing/lib:/home/prashun/ros2_ws/install/controller_interface/lib:/home/prashun/ros2_ws/install/hardware_interface/lib:/home/prashun/ros2_ws/install/ros2_control_test_assets/lib:/home/prashun/ros2_ws/install/joint_limits/lib:/home/prashun/ros2_ws/install/controller_manager_msgs/lib:${LD_LIBRARY_PATH} PYTHONPATH=/home/prashun/ros2_ws/install/controller_manager_msgs/local/lib/python3.10/dist-packages:${PYTHONPATH} /usr/bin/cmake /home/prashun/ros2_ws/src/ros2_control/controller_manager -DAMENT_CMAKE_SYMLINK_INSTALL=1 -DCMAKE_INSTALL_PREFIX=/home/prashun/ros2_ws/install/controller_manager
[0.096s] -- The CXX compiler identification is GNU 11.4.0
[0.105s] -- Detecting CXX compiler ABI info
[0.199s] -- Detecting CXX compiler ABI info - done
[0.211s] -- Check for working CXX compiler: /usr/bin/c++ - skipped
[0.211s] -- Detecting CXX compile features
[0.212s] -- Detecting CXX compile features - done
[0.216s] -- Found ament_cmake: 1.3.10 (/opt/ros/humble/share/ament_cmake/cmake)
[0.434s] -- Found Python3: /usr/bin/python3 (found version "3.10.12") found components: Interpreter 
[0.535s] -- Override CMake install command with custom implementation using symlinks instead of copying resources
[0.571s] -- Found ament_index_cpp: 1.4.0 (/opt/ros/humble/share/ament_index_cpp/cmake)
[0.572s] -- Found controller_interface: 4.18.0 (/home/prashun/ros2_ws/install/controller_interface/share/controller_interface/cmake)
[0.622s] -- Found rosidl_generator_c: 3.1.5 (/opt/ros/humble/share/rosidl_generator_c/cmake)
[0.628s] -- Found rosidl_adapter: 3.1.5 (/opt/ros/humble/share/rosidl_adapter/cmake)
[0.640s] -- Found rosidl_generator_cpp: 3.1.5 (/opt/ros/humble/share/rosidl_generator_cpp/cmake)
[0.655s] -- Using all available rosidl_typesupport_c: rosidl_typesupport_fastrtps_c;rosidl_typesupport_introspection_c
[0.675s] -- Using all available rosidl_typesupport_cpp: rosidl_typesupport_fastrtps_cpp;rosidl_typesupport_introspection_cpp
[0.934s] -- Found rmw_implementation_cmake: 6.1.2 (/opt/ros/humble/share/rmw_implementation_cmake/cmake)
[0.937s] -- Found rmw_fastrtps_cpp: 6.2.7 (/opt/ros/humble/share/rmw_fastrtps_cpp/cmake)
[0.967s] -- Found TinyXML2 via Config file: TinyXML2_DIR-NOTFOUND
[1.032s] -- Found OpenSSL: /usr/lib/x86_64-linux-gnu/libcrypto.so (found version "3.0.2")  
[1.036s] -- Found TinyXML2 via Config file: TinyXML2_DIR-NOTFOUND
[1.054s] -- Found FastRTPS: /opt/ros/humble/include  
[1.058s] -- Found TinyXML2 via Config file: TinyXML2_DIR-NOTFOUND
[1.069s] -- Found TinyXML2 via Config file: TinyXML2_DIR-NOTFOUND
[1.082s] -- Using RMW implementation 'rmw_fastrtps_cpp' as default
[1.092s] -- Looking for C++ include pthread.h
[1.198s] -- Looking for C++ include pthread.h - found
[1.198s] -- Performing Test CMAKE_HAVE_LIBC_PTHREAD
[1.295s] -- Performing Test CMAKE_HAVE_LIBC_PTHREAD - Success
[1.296s] -- Found Threads: TRUE  
[1.393s] -- Found controller_manager_msgs: 4.18.0 (/home/prashun/ros2_ws/install/controller_manager_msgs/share/controller_manager_msgs/cmake)
[1.412s] -- Found diagnostic_updater: 4.0.0 (/opt/ros/humble/share/diagnostic_updater/cmake)
[1.443s] -- Found ament_cmake_gmock: 1.3.10 (/opt/ros/humble/share/ament_cmake_gmock/cmake)
[1.444s] -- Found ros2_control_test_assets: 4.18.0 (/home/prashun/ros2_ws/install/ros2_control_test_assets/share/ros2_control_test_assets/cmake)
[1.449s] -- Found gmock sources under '/opt/ros/humble/src/gmock_vendor': C++ tests using 'Google Mock' will be built
[1.497s] -- The C compiler identification is GNU 11.4.0
[1.504s] -- Detecting C compiler ABI info
[1.578s] -- Detecting C compiler ABI info - done
[1.588s] -- Check for working C compiler: /usr/bin/cc - skipped
[1.589s] -- Detecting C compile features
[1.589s] -- Detecting C compile features - done
[1.594s] -- Found ament_cmake_gtest: 1.3.10 (/opt/ros/humble/share/ament_cmake_gtest/cmake)
[1.595s] -- Found gtest sources under '/opt/ros/humble/src/gtest_vendor': C++ tests using 'Google Test' will be built
[1.608s] -- Found ament_cmake_pytest: 1.3.10 (/opt/ros/humble/share/ament_cmake_pytest/cmake)
[2.274s] -- Configuring done
[2.427s] -- Generating done
[2.432s] -- Build files have been written to: /home/prashun/ros2_ws/build/controller_manager
[2.455s] Invoked command in '/home/prashun/ros2_ws/build/controller_manager' returned '0': AMENT_PREFIX_PATH=/home/prashun/ros2_ws/install/hardware_interface_testing:/home/prashun/ros2_ws/install/controller_interface:/home/prashun/ros2_ws/install/hardware_interface:/home/prashun/ros2_ws/install/ros2_control_test_assets:/home/prashun/ros2_ws/install/joint_limits:/home/prashun/ros2_ws/install/controller_manager_msgs:${AMENT_PREFIX_PATH} CMAKE_PREFIX_PATH=/home/prashun/ros2_ws/install/hardware_interface_testing:/home/prashun/ros2_ws/install/controller_interface:/home/prashun/ros2_ws/install/hardware_interface:/home/prashun/ros2_ws/install/ros2_control_test_assets:/home/prashun/ros2_ws/install/joint_limits:/home/prashun/ros2_ws/install/controller_manager_msgs:/home/prashun/ros2_ws/install/uno:/opt/ros/humble LD_LIBRARY_PATH=/home/prashun/ros2_ws/install/hardware_interface_testing/lib:/home/prashun/ros2_ws/install/controller_interface/lib:/home/prashun/ros2_ws/install/hardware_interface/lib:/home/prashun/ros2_ws/install/ros2_control_test_assets/lib:/home/prashun/ros2_ws/install/joint_limits/lib:/home/prashun/ros2_ws/install/controller_manager_msgs/lib:${LD_LIBRARY_PATH} PYTHONPATH=/home/prashun/ros2_ws/install/controller_manager_msgs/local/lib/python3.10/dist-packages:${PYTHONPATH} /usr/bin/cmake /home/prashun/ros2_ws/src/ros2_control/controller_manager -DAMENT_CMAKE_SYMLINK_INSTALL=1 -DCMAKE_INSTALL_PREFIX=/home/prashun/ros2_ws/install/controller_manager
[2.456s] Invoking command in '/home/prashun/ros2_ws/build/controller_manager': AMENT_PREFIX_PATH=/home/prashun/ros2_ws/install/hardware_interface_testing:/home/prashun/ros2_ws/install/controller_interface:/home/prashun/ros2_ws/install/hardware_interface:/home/prashun/ros2_ws/install/ros2_control_test_assets:/home/prashun/ros2_ws/install/joint_limits:/home/prashun/ros2_ws/install/controller_manager_msgs:${AMENT_PREFIX_PATH} CMAKE_PREFIX_PATH=/home/prashun/ros2_ws/install/hardware_interface_testing:/home/prashun/ros2_ws/install/controller_interface:/home/prashun/ros2_ws/install/hardware_interface:/home/prashun/ros2_ws/install/ros2_control_test_assets:/home/prashun/ros2_ws/install/joint_limits:/home/prashun/ros2_ws/install/controller_manager_msgs:/home/prashun/ros2_ws/install/uno:/opt/ros/humble LD_LIBRARY_PATH=/home/prashun/ros2_ws/install/hardware_interface_testing/lib:/home/prashun/ros2_ws/install/controller_interface/lib:/home/prashun/ros2_ws/install/hardware_interface/lib:/home/prashun/ros2_ws/install/ros2_control_test_assets/lib:/home/prashun/ros2_ws/install/joint_limits/lib:/home/prashun/ros2_ws/install/controller_manager_msgs/lib:${LD_LIBRARY_PATH} PYTHONPATH=/home/prashun/ros2_ws/install/controller_manager_msgs/local/lib/python3.10/dist-packages:${PYTHONPATH} /usr/bin/cmake --build /home/prashun/ros2_ws/build/controller_manager -- -j8 -l8
[2.512s] [  2%] [34m[1mGenerating controller_manager/version.h[0m
[2.534s] [  2%] Built target ament_generate_version_header__controller_manager
[2.568s] [  2%] Built target ament_cmake_python_symlink_controller_manager
[2.591s] [  5%] [32mBuilding CXX object CMakeFiles/controller_manager.dir/src/controller_manager.cpp.o[0m
[27.561s] [  7%] [32m[1mLinking CXX shared library libcontroller_manager.so[0m
[29.392s] [  7%] Built target controller_manager
[29.426s] [ 13%] [32mBuilding CXX object CMakeFiles/test_controller_failed_init.dir/test/test_controller_failed_init/test_controller_failed_init.cpp.o[0m
[29.428s] [ 13%] [32mBuilding CXX object CMakeFiles/test_controller.dir/test/test_controller/test_controller.cpp.o[0m
[29.431s] [ 15%] [32mBuilding CXX object CMakeFiles/ros2_control_node.dir/src/ros2_control_node.cpp.o[0m
[29.434s] [ 18%] [32mBuilding CXX object gmock/CMakeFiles/gmock.dir/opt/ros/humble/src/gtest_vendor/src/gtest-all.cc.o[0m
[29.435s] [ 21%] [32mBuilding CXX object CMakeFiles/test_controller_with_interfaces.dir/test/test_controller_with_interfaces/test_controller_with_interfaces.cpp.o[0m
[29.436s] [ 23%] [32mBuilding CXX object CMakeFiles/test_chainable_controller.dir/test/test_chainable_controller/test_chainable_controller.cpp.o[0m
[29.441s] [ 26%] [32mBuilding CXX object gmock/CMakeFiles/gmock_main.dir/src/gmock_main.cc.o[0m
[29.447s] [ 26%] Built target ament_cmake_python_symlink_controller_manager_setup
[29.477s] [ 28%] [32mBuilding CXX object gmock/CMakeFiles/gmock.dir/src/gmock-all.cc.o[0m
[31.946s] [ 31%] [32m[1mLinking CXX static library libgmock_main.a[0m
[31.997s] [ 31%] Built target gmock_main
[32.469s] running egg_info
[32.470s] creating controller_manager.egg-info
[32.471s] writing controller_manager.egg-info/PKG-INFO
[32.472s] writing dependency_links to controller_manager.egg-info/dependency_links.txt
[32.472s] writing entry points to controller_manager.egg-info/entry_points.txt
[32.473s] writing top-level names to controller_manager.egg-info/top_level.txt
[32.474s] writing manifest file 'controller_manager.egg-info/SOURCES.txt'
[32.475s] reading manifest file 'controller_manager.egg-info/SOURCES.txt'
[32.477s] writing manifest file 'controller_manager.egg-info/SOURCES.txt'
[32.527s] [ 31%] Built target ament_cmake_python_build_controller_manager_egg
[33.030s] [ 34%] [32m[1mLinking CXX shared library libtest_controller_failed_init.so[0m
[33.059s] running install_scripts
[33.064s] /usr/lib/python3/dist-packages/setuptools/command/install.py:34: SetuptoolsDeprecationWarning: setup.py install is deprecated. Use build and pip and other standards-based tools.
[33.065s]   warnings.warn(
[33.132s] running egg_info
[33.135s] writing controller_manager.egg-info/PKG-INFO
[33.137s] writing dependency_links to controller_manager.egg-info/dependency_links.txt
[33.138s] writing entry points to controller_manager.egg-info/entry_points.txt
[33.139s] writing top-level names to controller_manager.egg-info/top_level.txt
[33.148s] reading manifest file 'controller_manager.egg-info/SOURCES.txt'
[33.150s] writing manifest file 'controller_manager.egg-info/SOURCES.txt'
[33.154s] Installing hardware_spawner script to scripts
[33.156s] Installing spawner script to scripts
[33.157s] Installing unspawner script to scripts
[33.264s] [ 34%] Built target ament_cmake_python_build_controller_manager_scripts
[33.430s] [ 34%] Built target test_controller_failed_init
[33.664s] [ 36%] [32m[1mLinking CXX shared library libtest_controller_with_interfaces.so[0m
[33.968s] [ 36%] Built target test_controller_with_interfaces
[34.059s] [ 39%] [32m[1mLinking CXX shared library libtest_controller.so[0m
[34.316s] [ 39%] Built target test_controller
[35.656s] [ 42%] [32m[1mLinking CXX static library libgmock.a[0m
[35.741s] [ 42%] Built target gmock
[35.782s] [ 47%] [32mBuilding CXX object CMakeFiles/test_controller_manager_urdf_passing.dir/test/test_controller_manager_urdf_passing.cpp.o[0m
[35.790s] [ 47%] [32mBuilding CXX object CMakeFiles/test_controller_manager_with_namespace.dir/test/test_controller_manager_with_namespace.cpp.o[0m
[35.790s] [ 50%] [32mBuilding CXX object CMakeFiles/test_controller_manager_hardware_error_handling.dir/test/test_controller_manager_hardware_error_handling.cpp.o[0m
[35.794s] [ 52%] [32mBuilding CXX object CMakeFiles/test_load_controller.dir/test/test_load_controller.cpp.o[0m
[35.794s] [ 55%] [32mBuilding CXX object CMakeFiles/test_release_interfaces.dir/test/test_release_interfaces.cpp.o[0m
[35.794s] [ 57%] [32mBuilding CXX object CMakeFiles/test_controller_manager.dir/test/test_controller_manager.cpp.o[0m
[41.099s] [ 60%] [32m[1mLinking CXX executable ros2_control_node[0m
[43.448s] [ 60%] Built target ros2_control_node
[43.517s] [ 63%] [32mBuilding CXX object CMakeFiles/test_spawner_unspawner.dir/test/test_spawner_unspawner.cpp.o[0m
[44.999s] [ 65%] [32m[1mLinking CXX shared library libtest_chainable_controller.so[0m
[46.175s] [ 65%] Built target test_chainable_controller
[46.238s] [ 68%] [32mBuilding CXX object CMakeFiles/test_hardware_management_srvs.dir/test/test_hardware_management_srvs.cpp.o[0m
[46.358s] [01m[K/home/prashun/ros2_ws/src/ros2_control/controller_manager/test/test_controller_manager_urdf_passing.cpp:[m[K In member function â€˜[01m[Kvirtual void TestControllerManagerWithTestableCM_expect_to_failure_when_invalid_urdf_is_given_and_be_able_to_submit_new_robot_description_Test::TestBody()[m[Kâ€™:
[46.358s] [01m[K/home/prashun/ros2_ws/src/ros2_control/controller_manager/test/test_controller_manager_urdf_passing.cpp:136:40:[m[K [01;31m[Kerror: [m[Kâ€˜[01m[Kminimal_uninitializable_robot_urdf[m[Kâ€™ is not a member of â€˜[01m[Kros2_control_test_assets[m[Kâ€™; did you mean â€˜[01m[Kminimal_unitilizable_robot_urdf[m[Kâ€™?
[46.358s]   136 |   msg.data = ros2_control_test_assets::[01;31m[Kminimal_uninitializable_robot_urdf[m[K;
[46.358s]       |                                        [01;31m[K^~~~~~~~~~~~~~~~~~~~~~~~~~~~~~~~~~[m[K
[46.358s]       |                                        [32m[Kminimal_unitilizable_robot_urdf[m[K
[51.348s] [ 71%] [32m[1mLinking CXX executable test_controller_manager_with_namespace[0m
[52.076s] [ 73%] [32m[1mLinking CXX executable test_release_interfaces[0m
[52.297s] gmake[2]: *** [CMakeFiles/test_controller_manager_urdf_passing.dir/build.make:76: CMakeFiles/test_controller_manager_urdf_passing.dir/test/test_controller_manager_urdf_passing.cpp.o] Error 1
[52.299s] gmake[1]: *** [CMakeFiles/Makefile2:522: CMakeFiles/test_controller_manager_urdf_passing.dir/all] Error 2
[52.300s] gmake[1]: *** Waiting for unfinished jobs....
[53.872s] [ 73%] Built target test_controller_manager_with_namespace
[54.175s] [ 73%] Built target test_release_interfaces
[54.178s] [ 76%] [32m[1mLinking CXX executable test_controller_manager_hardware_error_handling[0m
[54.964s] [ 78%] [32m[1mLinking CXX executable test_controller_manager[0m
[55.903s] [ 78%] Built target test_controller_manager_hardware_error_handling
[55.904s] [01m[K/home/prashun/ros2_ws/src/ros2_control/controller_manager/test/test_hardware_management_srvs.cpp:41:33:[m[K [01;31m[Kerror: [m[Kâ€˜[01m[KTEST_ACTUATOR_HARDWARE_PLUGIN_NAME[m[Kâ€™ has not been declared in â€˜[01m[Kros2_control_test_assets[m[Kâ€™
[55.905s]    41 | using ros2_control_test_assets::[01;31m[KTEST_ACTUATOR_HARDWARE_PLUGIN_NAME[m[K;
[55.905s]       |                                 [01;31m[K^~~~~~~~~~~~~~~~~~~~~~~~~~~~~~~~~~[m[K
[55.905s] [01m[K/home/prashun/ros2_ws/src/ros2_control/controller_manager/test/test_hardware_management_srvs.cpp:46:33:[m[K [01;31m[Kerror: [m[Kâ€˜[01m[KTEST_SENSOR_HARDWARE_PLUGIN_NAME[m[Kâ€™ has not been declared in â€˜[01m[Kros2_control_test_assets[m[Kâ€™
[55.905s]    46 | using ros2_control_test_assets::[01;31m[KTEST_SENSOR_HARDWARE_PLUGIN_NAME[m[K;
[55.905s]       |                                 [01;31m[K^~~~~~~~~~~~~~~~~~~~~~~~~~~~~~~~[m[K
[55.905s] [01m[K/home/prashun/ros2_ws/src/ros2_control/controller_manager/test/test_hardware_management_srvs.cpp:51:33:[m[K [01;31m[Kerror: [m[Kâ€˜[01m[KTEST_SYSTEM_HARDWARE_PLUGIN_NAME[m[Kâ€™ has not been declared in â€˜[01m[Kros2_control_test_assets[m[Kâ€™
[55.905s]    51 | using ros2_control_test_assets::[01;31m[KTEST_SYSTEM_HARDWARE_PLUGIN_NAME[m[K;
[55.906s]       |                                 [01;31m[K^~~~~~~~~~~~~~~~~~~~~~~~~~~~~~~~[m[K
[56.068s] [01m[K/home/prashun/ros2_ws/src/ros2_control/controller_manager/test/test_hardware_management_srvs.cpp:[m[K In member function â€˜[01m[Kvoid TestControllerManagerHWManagementSrvs::list_hardware_components_and_check(const std::vector<unsigned char, std::allocator<unsigned char> >&, const std::vector<std::__cxx11::basic_string<char> >&, const std::vector<std::vector<std::vector<bool, std::allocator<bool> > > >&, const std::vector<std::vector<std::vector<bool, std::allocator<bool> > > >&)[m[Kâ€™:
[56.068s] [01m[K/home/prashun/ros2_ws/src/ros2_control/controller_manager/test/test_hardware_management_srvs.cpp:138:11:[m[K [01;31m[Kerror: [m[Kâ€˜[01m[KTEST_ACTUATOR_HARDWARE_PLUGIN_NAME[m[Kâ€™ was not declared in this scope; did you mean â€˜[01m[KTEST_ACTUATOR_HARDWARE_NAME[m[Kâ€™?
[56.068s]   138 |           [01;31m[KTEST_ACTUATOR_HARDWARE_PLUGIN_NAME[m[K, hw_state_ids[0], hw_state_labels[0]);
[56.068s]       |           [01;31m[K^~~~~~~~~~~~~~~~~~~~~~~~~~~~~~~~~~[m[K
[56.068s]       |           [32m[KTEST_ACTUATOR_HARDWARE_NAME[m[K
[56.103s] [01m[K/home/prashun/ros2_ws/src/ros2_control/controller_manager/test/test_hardware_management_srvs.cpp:150:11:[m[K [01;31m[Kerror: [m[Kâ€˜[01m[KTEST_SENSOR_HARDWARE_PLUGIN_NAME[m[Kâ€™ was not declared in this scope; did you mean â€˜[01m[KTEST_SENSOR_HARDWARE_NAME[m[Kâ€™?
[56.103s]   150 |           [01;31m[KTEST_SENSOR_HARDWARE_PLUGIN_NAME[m[K, hw_state_ids[1], hw_state_labels[1]);
[56.103s]       |           [01;31m[K^~~~~~~~~~~~~~~~~~~~~~~~~~~~~~~~[m[K
[56.103s]       |           [32m[KTEST_SENSOR_HARDWARE_NAME[m[K
[56.130s] [01m[K/home/prashun/ros2_ws/src/ros2_control/controller_manager/test/test_hardware_management_srvs.cpp:162:11:[m[K [01;31m[Kerror: [m[Kâ€˜[01m[KTEST_SYSTEM_HARDWARE_PLUGIN_NAME[m[Kâ€™ was not declared in this scope; did you mean â€˜[01m[KTEST_SYSTEM_HARDWARE_NAME[m[Kâ€™?
[56.131s]   162 |           [01;31m[KTEST_SYSTEM_HARDWARE_PLUGIN_NAME[m[K, hw_state_ids[2], hw_state_labels[2]);
[56.131s]       |           [01;31m[K^~~~~~~~~~~~~~~~~~~~~~~~~~~~~~~~[m[K
[56.131s]       |           [32m[KTEST_SYSTEM_HARDWARE_NAME[m[K
[56.973s] [ 78%] Built target test_controller_manager
[57.215s] [ 81%] [32m[1mLinking CXX executable test_load_controller[0m
[59.171s] [ 81%] Built target test_load_controller
[60.294s] gmake[2]: *** [CMakeFiles/test_hardware_management_srvs.dir/build.make:76: CMakeFiles/test_hardware_management_srvs.dir/test/test_hardware_management_srvs.cpp.o] Error 1
[60.294s] gmake[1]: *** [CMakeFiles/Makefile2:635: CMakeFiles/test_hardware_management_srvs.dir/all] Error 2
[60.835s] [ 84%] [32m[1mLinking CXX executable test_spawner_unspawner[0m
[62.146s] [ 84%] Built target test_spawner_unspawner
[62.147s] gmake: *** [Makefile:146: all] Error 2
[62.149s] Invoked command in '/home/prashun/ros2_ws/build/controller_manager' returned '2': AMENT_PREFIX_PATH=/home/prashun/ros2_ws/install/hardware_interface_testing:/home/prashun/ros2_ws/install/controller_interface:/home/prashun/ros2_ws/install/hardware_interface:/home/prashun/ros2_ws/install/ros2_control_test_assets:/home/prashun/ros2_ws/install/joint_limits:/home/prashun/ros2_ws/install/controller_manager_msgs:${AMENT_PREFIX_PATH} CMAKE_PREFIX_PATH=/home/prashun/ros2_ws/install/hardware_interface_testing:/home/prashun/ros2_ws/install/controller_interface:/home/prashun/ros2_ws/install/hardware_interface:/home/prashun/ros2_ws/install/ros2_control_test_assets:/home/prashun/ros2_ws/install/joint_limits:/home/prashun/ros2_ws/install/controller_manager_msgs:/home/prashun/ros2_ws/install/uno:/opt/ros/humble LD_LIBRARY_PATH=/home/prashun/ros2_ws/install/hardware_interface_testing/lib:/home/prashun/ros2_ws/install/controller_interface/lib:/home/prashun/ros2_ws/install/hardware_interface/lib:/home/prashun/ros2_ws/install/ros2_control_test_assets/lib:/home/prashun/ros2_ws/install/joint_limits/lib:/home/prashun/ros2_ws/install/controller_manager_msgs/lib:${LD_LIBRARY_PATH} PYTHONPATH=/home/prashun/ros2_ws/install/controller_manager_msgs/local/lib/python3.10/dist-packages:${PYTHONPATH} /usr/bin/cmake --build /home/prashun/ros2_ws/build/controller_manager -- -j8 -l8
